Analysis initiated from SIMULIA established products
Abaqus JOB Job-1
Abaqus 2022
Abaqus License Manager checked out the following licenses:
Abaqus/Standard checked out 5 tokens from Flexnet server abaqus.lisens.ntnu.no.
<779 out of 1000 licenses remain available>.
Begin Analysis Input File Processor
28.02.2024 16:14:38
Run pre.exe

 ***WARNING: Interactive messaging has been requested for this analysis run, 
             but initialization of the messaging system has failed.  Therefore 
             no messages will be sent to Abaqus/CAE for this phase of the 
             analysis.
28.02.2024 16:14:41
End Analysis Input File Processor
Begin Abaqus/Standard Analysis
28.02.2024 16:14:41
Run standard.exe

 ***WARNING: Interactive messaging has been requested for this analysis run, 
             but initialization of the messaging system has failed.  Therefore 
             no messages will be sent to Abaqus/CAE for this phase of the 
             analysis.
28.02.2024 16:14:44
End Abaqus/Standard Analysis
Begin SIM Wrap-up
28.02.2024 16:14:45
Run SMASimUtility.exe
28.02.2024 16:14:45
End SIM Wrap-up
Abaqus JOB Job-1 COMPLETED
