1
0
1
ASSEMBLY
4
PART-1-1
PART-1
PART-1-2
PART-1
PART-2-1
PART-2
PART-2-2
PART-2
4
PART-1-1
11
1 1
2 2
3 3
4 4
5 5
6 6
7 7
8 8
9 9
10 10
11 11
1 1
2 2
3 3
4 4
5 5
6 6
7 7
8 8
9 9
10 10
11 11
PART-1-2
11
12 1
13 2
14 3
15 4
16 5
17 6
18 7
19 8
20 9
21 10
22 11
1 12
2 13
3 14
4 15
5 16
6 17
7 18
8 19
9 20
10 21
11 22
PART-2-1
11
23 1
24 2
25 3
26 4
27 5
28 6
29 7
30 8
31 9
32 10
33 11
1 23
2 24
3 25
4 26
5 27
6 28
7 29
8 30
9 31
10 32
11 33
PART-2-2
11
34 1
35 2
36 3
37 4
38 5
39 6
40 7
41 8
42 9
43 10
44 11
1 34
2 35
3 36
4 37
5 38
6 39
7 40
8 41
9 42
10 43
11 44
0
4
PART-1-1
10
1 1
2 2
3 3
4 4
5 5
6 6
7 7
8 8
9 9
10 10
1 1
2 2
3 3
4 4
5 5
6 6
7 7
8 8
9 9
10 10
PART-1-2
10
11 1
12 2
13 3
14 4
15 5
16 6
17 7
18 8
19 9
20 10
1 11
2 12
3 13
4 14
5 15
6 16
7 17
8 18
9 19
10 20
PART-2-1
10
21 1
22 2
23 3
24 4
25 5
26 6
27 7
28 8
29 9
30 10
1 21
2 22
3 23
4 24
5 25
6 26
7 27
8 28
9 29
10 30
PART-2-2
10
31 1
32 2
33 3
34 4
35 5
36 6
37 7
38 8
39 9
40 10
1 31
2 32
3 33
4 34
5 35
6 36
7 37
8 38
9 39
10 40
0
3

0
2
0
4
PART-1-1
10
1 2 3 4 5 6 7 8 9 10 
PART-1-2
10
11 12 13 14 15 16 17 18 19 20 
PART-2-2
10
31 32 33 34 35 36 37 38 39 40 
PART-2-1
10
21 22 23 24 25 26 27 28 29 30 
0
_PICKEDSET11
0
2
0
2
PART-1-1
10
1 2 3 4 5 6 7 8 9 10 
PART-2-1
10
21 22 23 24 25 26 27 28 29 30 
0
_PICKEDSET18
0
2
0
2
PART-1-2
10
11 12 13 14 15 16 17 18 19 20 
PART-2-2
10
31 32 33 34 35 36 37 38 39 40 
0
4
PART-1-1
3
 P       1
0
2
10
1 2 3 4 5 6 7 8 9 10 
0
0
 P       1_PICKEDSET11
0
2
10
1 2 3 4 5 6 7 8 9 10 
0
0
_PICKEDSET2
0
2
10
1 2 3 4 5 6 7 8 9 10 
0
0
0
PART-2-1
3
 P       3
0
2
10
21 22 23 24 25 26 27 28 29 30 
0
0
 P       3_PICKEDSET11
0
2
10
21 22 23 24 25 26 27 28 29 30 
0
0
_PICKEDSET2
0
2
10
21 22 23 24 25 26 27 28 29 30 
0
0
0
PART-1-2
3
 P       2
0
2
10
11 12 13 14 15 16 17 18 19 20 
0
0
 P       2_PICKEDSET18
0
2
10
11 12 13 14 15 16 17 18 19 20 
0
0
_PICKEDSET2
0
2
10
11 12 13 14 15 16 17 18 19 20 
0
0
0
PART-2-2
3
 P       4
0
2
10
31 32 33 34 35 36 37 38 39 40 
0
0
 P       4_PICKEDSET18
0
2
10
31 32 33 34 35 36 37 38 39 40 
0
0
_PICKEDSET2
0
2
10
31 32 33 34 35 36 37 38 39 40 
0
0
0
7

0
2
0
4
PART-1-1
11
1 2 3 4 5 6 7 8 9 10 11 
PART-1-2
11
12 13 14 15 16 17 18 19 20 21 22 
PART-2-2
11
34 35 36 37 38 39 40 41 42 43 44 
PART-2-1
11
23 24 25 26 27 28 29 30 31 32 33 
0
 TIED_SECONDARY_NODES_STD_ L     L_ L     B
0
2
0
2
PART-2-1
1
23 
PART-2-2
1
34 
0
_PICKEDSET11
0
2
0
2
PART-1-1
11
1 2 3 4 5 6 7 8 9 10 11 
PART-2-1
11
23 24 25 26 27 28 29 30 31 32 33 
0
_PICKEDSET17
0
2
0
4
PART-1-1
1
1 
PART-2-1
1
33 
PART-1-2
1
12 
PART-2-2
1
44 
0
_PICKEDSET18
0
2
0
2
PART-1-2
11
12 13 14 15 16 17 18 19 20 21 22 
PART-2-2
11
34 35 36 37 38 39 40 41 42 43 44 
0
_PICKEDSET19
0
2
0
2
PART-1-1
1
11 
PART-1-2
1
22 
0
_PICKEDSET20
0
2
0
2
PART-2-1
1
23 
PART-2-2
1
34 
0
4
PART-1-1
5
 P       1
0
2
11
1 2 3 4 5 6 7 8 9 10 11 
0
0
 P       1_PICKEDSET11
0
2
11
1 2 3 4 5 6 7 8 9 10 11 
0
0
 P       1_PICKEDSET17
0
2
1
1 
0
0
 P       1_PICKEDSET19
0
2
1
11 
0
0
_PICKEDSET2
0
2
11
1 2 3 4 5 6 7 8 9 10 11 
0
0
0
PART-2-1
6
 P       3
0
2
11
23 24 25 26 27 28 29 30 31 32 33 
0
0
 P       3 TIED_SECONDARY_NODES_STD_ L     L_ L     B
0
2
1
23 
0
0
 P       3_PICKEDSET11
0
2
11
23 24 25 26 27 28 29 30 31 32 33 
0
0
 P       3_PICKEDSET17
0
2
1
33 
0
0
 P       3_PICKEDSET20
0
2
1
23 
0
0
_PICKEDSET2
0
2
11
23 24 25 26 27 28 29 30 31 32 33 
0
0
0
PART-1-2
5
 P       2
0
2
11
12 13 14 15 16 17 18 19 20 21 22 
0
0
 P       2_PICKEDSET17
0
2
1
12 
0
0
 P       2_PICKEDSET18
0
2
11
12 13 14 15 16 17 18 19 20 21 22 
0
0
 P       2_PICKEDSET19
0
2
1
22 
0
0
_PICKEDSET2
0
2
11
12 13 14 15 16 17 18 19 20 21 22 
0
0
0
PART-2-2
6
 P       4
0
2
11
34 35 36 37 38 39 40 41 42 43 44 
0
0
 P       4 TIED_SECONDARY_NODES_STD_ L     L_ L     B
0
2
1
34 
0
0
 P       4_PICKEDSET17
0
2
1
44 
0
0
 P       4_PICKEDSET18
0
2
11
34 35 36 37 38 39 40 41 42 43 44 
0
0
 P       4_PICKEDSET20
0
2
1
34 
0
0
_PICKEDSET2
0
2
11
34 35 36 37 38 39 40 41 42 43 44 
0
0
0
0
2
_PICKEDSET19_CNS_
1
0
0
2
PART-1-1
1
0
1
11
1
PART-1-2
1
0
1
22
1
_PICKEDSET20_CNS_
1
0
0
2
PART-2-1
1
0
1
23
1
PART-2-2
1
0
1
34
1
