1
0
1
ASSEMBLY
2
PART-1-1
PART-1
PART-2-1
PART-2
2
PART-1-1
11
1 1
2 2
3 3
4 4
5 5
6 6
7 7
8 8
9 9
10 10
11 11
1 1
2 2
3 3
4 4
5 5
6 6
7 7
8 8
9 9
10 10
11 11
PART-2-1
11
12 1
13 2
14 3
15 4
16 5
17 6
18 7
19 8
20 9
21 10
22 11
1 12
2 13
3 14
4 15
5 16
6 17
7 18
8 19
9 20
10 21
11 22
0
2
PART-1-1
10
2 1
3 2
4 3
5 4
6 5
7 6
8 7
9 8
10 9
11 10
1 2
2 3
3 4
4 5
5 6
6 7
7 8
8 9
9 10
10 11
PART-2-1
10
12 1
13 2
14 3
15 4
16 5
17 6
18 7
19 8
20 9
21 10
1 12
2 13
3 14
4 15
5 16
6 17
7 18
8 19
9 20
10 21
1
1 1
1 1
4

0
2
0
3

1
1 
PART-1-1
10
2 3 4 5 6 7 8 9 10 11 
PART-2-1
10
12 13 14 15 16 17 18 19 20 21 
0
SET-2
0
1
1
1 
0
0
SET-5
0
1
0
2
PART-1-1
10
2 3 4 5 6 7 8 9 10 11 
PART-2-1
10
12 13 14 15 16 17 18 19 20 21 
0
WIRE-1-SET-1
0
1
1
1 
0
0
3
PART-1-1
4
 P       1
0
2
10
2 3 4 5 6 7 8 9 10 11 
0
0
 P       1SET-5
0
2
10
2 3 4 5 6 7 8 9 10 11 
0
0
SET-1
0
1
10
2 3 4 5 6 7 8 9 10 11 
0
0
SET-2
0
1
10
2 3 4 5 6 7 8 9 10 11 
0
0
0
PART-2-1
4
 P       2
0
2
10
12 13 14 15 16 17 18 19 20 21 
0
0
 P       2SET-5
0
2
10
12 13 14 15 16 17 18 19 20 21 
0
0
SET-1
0
1
10
12 13 14 15 16 17 18 19 20 21 
0
0
SET-2
0
1
10
12 13 14 15 16 17 18 19 20 21 
0
0
0

1
 P       0
0
2
1
1 
0
0
0
7

0
2
0
2
PART-1-1
11
1 2 3 4 5 6 7 8 9 10 11 
PART-2-1
11
12 13 14 15 16 17 18 19 20 21 22 
0
SET-2
0
1
0
2
PART-1-1
1
11 
PART-2-1
1
12 
0
SET-3
0
1
0
2
PART-1-1
1
1 
PART-2-1
1
22 
0
SET-4
0
1
0
2
PART-1-1
1
1 
PART-2-1
1
22 
0
SET-5
0
1
0
2
PART-1-1
11
1 2 3 4 5 6 7 8 9 10 11 
PART-2-1
11
12 13 14 15 16 17 18 19 20 21 22 
0
SET-6
0
1
0
2
PART-1-1
1
1 
PART-2-1
1
22 
0
WIRE-1-SET-1
0
1
0
2
PART-1-1
1
11 
PART-2-1
1
12 
0
2
PART-1-1
9
 P       1
0
2
11
1 2 3 4 5 6 7 8 9 10 11 
0
0
 P       1SET-2
0
2
1
11 
0
0
 P       1SET-3
0
2
1
1 
0
0
 P       1SET-4
0
2
1
1 
0
0
 P       1SET-5
0
2
11
1 2 3 4 5 6 7 8 9 10 11 
0
0
 P       1SET-6
0
2
1
1 
0
0
 P       1WIRE-1-SET-1
0
2
1
11 
0
0
SET-1
0
1
11
1 2 3 4 5 6 7 8 9 10 11 
0
0
SET-2
0
1
11
1 2 3 4 5 6 7 8 9 10 11 
0
0
0
PART-2-1
9
 P       2
0
2
11
12 13 14 15 16 17 18 19 20 21 22 
0
0
 P       2SET-2
0
2
1
12 
0
0
 P       2SET-3
0
2
1
22 
0
0
 P       2SET-4
0
2
1
22 
0
0
 P       2SET-5
0
2
11
12 13 14 15 16 17 18 19 20 21 22 
0
0
 P       2SET-6
0
2
1
22 
0
0
 P       2WIRE-1-SET-1
0
2
1
12 
0
0
SET-1
0
1
11
12 13 14 15 16 17 18 19 20 21 22 
0
0
SET-2
0
1
11
12 13 14 15 16 17 18 19 20 21 22 
0
0
0
0
0
