Analysis initiated from SIMULIA established products
Abaqus JOB Job-2
Abaqus 2022
Abaqus License Manager checked out the following licenses:
Abaqus/Standard checked out 5 tokens from Flexnet server abaqus.lisens.ntnu.no.
<744 out of 1000 licenses remain available>.
Begin Analysis Input File Processor
19.02.2024 15:42:35
Run pre.exe

 ***WARNING: Interactive messaging has been requested for this analysis run, 
             but initialization of the messaging system has failed.  Therefore 
             no messages will be sent to Abaqus/CAE for this phase of the 
             analysis.
19.02.2024 15:42:38
End Analysis Input File Processor
Begin Abaqus/Standard Analysis
19.02.2024 15:42:38
Run standard.exe

 ***WARNING: Interactive messaging has been requested for this analysis run, 
             but initialization of the messaging system has failed.  Therefore 
             no messages will be sent to Abaqus/CAE for this phase of the 
             analysis.
19.02.2024 15:42:41
End Abaqus/Standard Analysis
Begin SIM Wrap-up
19.02.2024 15:42:42
Run SMASimUtility.exe
19.02.2024 15:42:42
End SIM Wrap-up
Abaqus JOB Job-2 COMPLETED
