Analysis initiated from SIMULIA established products
Abaqus JOB Job-1
Abaqus 2022
Abaqus License Manager checked out the following licenses:
Abaqus/Standard checked out 5 tokens from Flexnet server abaqus.lisens.ntnu.no.
<457 out of 1000 licenses remain available>.
Begin Analysis Input File Processor
18.02.2024 18:21:27
Run pre.exe

 ***WARNING: Interactive messaging has been requested for this analysis run, 
             but initialization of the messaging system has failed.  Therefore 
             no messages will be sent to Abaqus/CAE for this phase of the 
             analysis.
18.02.2024 18:21:30
End Analysis Input File Processor
Begin Abaqus/Standard Analysis
18.02.2024 18:21:30
Run standard.exe

 ***WARNING: Interactive messaging has been requested for this analysis run, 
             but initialization of the messaging system has failed.  Therefore 
             no messages will be sent to Abaqus/CAE for this phase of the 
             analysis.
18.02.2024 18:21:33
End Abaqus/Standard Analysis
Begin SIM Wrap-up
18.02.2024 18:21:33
Run SMASimUtility.exe
18.02.2024 18:21:33
End SIM Wrap-up
Abaqus JOB Job-1 COMPLETED
